Arquivo criado em: 28/10/2025 10:07:56
acompanhamento_vendas
Destino: Projeto Organizador\organizador\.xlsx

Arquivo criado em: 28/10/2025 10:07:56
Artigo_cientifico
Destino: Projeto Organizador\organizador\.docx

Arquivo criado em: 28/10/2025 10:07:56
betoneira
Destino: Projeto Organizador\organizador\.png

Arquivo criado em: 28/10/2025 10:07:56
bomba_dagua
Destino: Projeto Organizador\organizador\.png

Arquivo criado em: 28/10/2025 10:07:56
Carta-proposta
Destino: Projeto Organizador\organizador\.docx

Arquivo criado em: 28/10/2025 10:07:56
contrato_da_empresa
Destino: Projeto Organizador\organizador\.pdf

Arquivo criado em: 28/10/2025 10:07:56
Controle-de-Cheques
Destino: Projeto Organizador\organizador\.xlsx

Arquivo criado em: 28/10/2025 10:07:56
EXEMPLO_ORCAMENTO_ANUAL_EMPRESARIAL2-1-1
Destino: Projeto Organizador\organizador\.xlsx

Arquivo criado em: 28/10/2025 10:07:56
gatinho
Destino: Projeto Organizador\organizador\.png

Arquivo criado em: 28/10/2025 10:07:56
relatorio_semanal
Destino: Projeto Organizador\organizador\.txt

Arquivo criado em: 28/10/2025 10:07:56
wallpaper
Destino: Projeto Organizador\organizador\.jpg

Arquivo criado em: 28/10/2025 10:07:56
wallpaper2
Destino: Projeto Organizador\organizador\.jpg

